<?xml version="1.0" encoding="UTF-8"?>
<testsuite xmlns:xsi="http://www.w3.org/2001/XMLSchema-instance" xsi:noNamespaceSchemaLocation="https://maven.apache.org/surefire/maven-surefire-plugin/xsd/surefire-test-report-3.0.xsd" version="3.0" name="TestSuite" time="48.185" tests="1" errors="0" skipped="0" failures="1">
  <properties>
[...]
</properties>
  <testcase name="Login" classname="com.toppr.tests.Assignment" time="40.635">
    <failure message="no such element: Unable to locate element: {&quot;method&quot;:&quot;xpath&quot;,&quot;selector&quot;:&quot;/html[1]/body[1]/div[6]/div[1]/div[1]/div[2]/div[1]/div[4]/button[1]&quot;}&#10;  (Session info: chrome=96.0.4664.45)&#10;For documentation on this error, please visit: https://selenium.dev/exceptions/#no_such_element&#10;Build info: version: &apos;4.0.0&apos;, revision: &apos;3a21814679&apos;&#10;System info: host: &apos;DESKTOP-HQSRNSN&apos;, ip: &apos;172.20.10.9&apos;, os.name: &apos;Windows 10&apos;, os.arch: &apos;amd64&apos;, os.version: &apos;10.0&apos;, java.version: &apos;17&apos;&#10;Driver info: org.openqa.selenium.chrome.ChromeDriver&#10;Command: [647fdc699f54d2785cd4ad3d9e116b8a, findElement {using=xpath, value=/html[1]/body[1]/div[6]/div[1]/div[1]/div[2]/div[1]/div[4]/button[1]}]&#10;Capabilities {acceptInsecureCerts: false, browserName: chrome, browserVersion: 96.0.4664.45, chrome: {chromedriverVersion: 96.0.4664.45 (76e4c1bb2ab46..., userDataDir: C:\Users\User\AppData\Local...}, goog:chromeOptions: {debuggerAddress: localhost:52782}, javascriptEnabled: true, networkConnectionEnabled: false, pageLoadStrategy: normal, platform: WINDOWS, platformName: WINDOWS, proxy: Proxy(), se:cdp: ws://localhost:52782/devtoo..., se:cdpVersion: 96.0.4664.45, setWindowRect: true, strictFileInteractability: false, timeouts: {implicit: 0, pageLoad: 300000, script: 30000}, unhandledPromptBehavior: dismiss and notify, webauthn:extension:credBlob: true, webauthn:extension:largeBlob: true, webauthn:virtualAuthenticators: true}&#10;Session ID: 647fdc699f54d2785cd4ad3d9e116b8a" type="org.openqa.selenium.NoSuchElementException"><![CDATA[org.openqa.selenium.NoSuchElementException: 
no such element: Unable to locate element: {"method":"xpath","selector":"/html[1]/body[1]/div[6]/div[1]/div[1]/div[2]/div[1]/div[4]/button[1]"}
  (Session info: chrome=96.0.4664.45)
For documentation on this error, please visit: https://selenium.dev/exceptions/#no_such_element
Build info: version: '4.0.0', revision: '3a21814679'
System info: host: 'DESKTOP-HQSRNSN', ip: '172.20.10.9', os.name: 'Windows 10', os.arch: 'amd64', os.version: '10.0', java.version: '17'
Driver info: org.openqa.selenium.chrome.ChromeDriver
Command: [647fdc699f54d2785cd4ad3d9e116b8a, findElement {using=xpath, value=/html[1]/body[1]/div[6]/div[1]/div[1]/div[2]/div[1]/div[4]/button[1]}]
Capabilities {acceptInsecureCerts: false, browserName: chrome, browserVersion: 96.0.4664.45, chrome: {chromedriverVersion: 96.0.4664.45 (76e4c1bb2ab46..., userDataDir: C:\Users\User\AppData\Local...}, goog:chromeOptions: {debuggerAddress: localhost:52782}, javascriptEnabled: true, networkConnectionEnabled: false, pageLoadStrategy: normal, platform: WINDOWS, platformName: WINDOWS, proxy: Proxy(), se:cdp: ws://localhost:52782/devtoo..., se:cdpVersion: 96.0.4664.45, setWindowRect: true, strictFileInteractability: false, timeouts: {implicit: 0, pageLoad: 300000, script: 30000}, unhandledPromptBehavior: dismiss and notify, webauthn:extension:credBlob: true, webauthn:extension:largeBlob: true, webauthn:virtualAuthenticators: true}
Session ID: 647fdc699f54d2785cd4ad3d9e116b8a
	at com.toppr.tests.Assignment.Login(Assignment.java:23)
]]></failure>
    <system-out><![CDATA[245 [main] DEBUG io.github.bonigarcia.wdm.cache.ResolutionCache  - Resolution chrome=96 in cache (valid until 15:17:48 03/12/2021 IST)
246 [main] DEBUG io.github.bonigarcia.wdm.cache.ResolutionCache  - Resolution chrome96=96.0.4664.45 in cache (valid until 14:12:50 04/12/2021 IST)
247 [main] INFO io.github.bonigarcia.wdm.WebDriverManager  - Using chromedriver 96.0.4664.45 (resolved driver for Chrome 96)
255 [main] DEBUG io.github.bonigarcia.wdm.WebDriverManager  - Driver chromedriver 96.0.4664.45 found in cache
256 [main] INFO io.github.bonigarcia.wdm.WebDriverManager  - Exporting webdriver.chrome.driver as C:\Users\User\.cache\selenium\chromedriver\win32\96.0.4664.45\chromedriver.exe
322 [main] DEBUG io.netty.util.internal.logging.InternalLoggerFactory  - Using SLF4J as the default logging framework
324 [main] DEBUG io.netty.util.ResourceLeakDetector  - -Dio.netty.leakDetection.level: simple
324 [main] DEBUG io.netty.util.ResourceLeakDetector  - -Dio.netty.leakDetection.targetRecords: 4
327 [main] DEBUG io.netty.util.ResourceLeakDetectorFactory  - Loaded default ResourceLeakDetector: io.netty.util.ResourceLeakDetector@5ab14cb9
342 [main] DEBUG io.netty.util.internal.PlatformDependent0  - -Dio.netty.noUnsafe: false
342 [main] DEBUG io.netty.util.internal.PlatformDependent0  - Java version: 17
343 [main] DEBUG io.netty.util.internal.PlatformDependent0  - sun.misc.Unsafe.theUnsafe: available
344 [main] DEBUG io.netty.util.internal.PlatformDependent0  - sun.misc.Unsafe.copyMemory: available
344 [main] DEBUG io.netty.util.internal.PlatformDependent0  - java.nio.Buffer.address: available
344 [main] DEBUG io.netty.util.internal.PlatformDependent0  - direct buffer constructor: unavailable: Reflective setAccessible(true) disabled
345 [main] DEBUG io.netty.util.internal.PlatformDependent0  - java.nio.Bits.unaligned: available, true
345 [main] DEBUG io.netty.util.internal.PlatformDependent0  - jdk.internal.misc.Unsafe.allocateUninitializedArray(int): unavailable: class io.netty.util.internal.PlatformDependent0$6 cannot access class jdk.internal.misc.Unsafe (in module java.base) because module java.base does not export jdk.internal.misc to unnamed module @2638011
346 [main] DEBUG io.netty.util.internal.PlatformDependent0  - java.nio.DirectByteBuffer.<init>(long, int): unavailable
346 [main] DEBUG io.netty.util.internal.PlatformDependent  - sun.misc.Unsafe: available
347 [main] DEBUG io.netty.util.internal.PlatformDependent  - maxDirectMemory: 2069889024 bytes (maybe)
348 [main] DEBUG io.netty.util.internal.PlatformDependent  - -Dio.netty.tmpdir: C:\Users\User\AppData\Local\Temp (java.io.tmpdir)
348 [main] DEBUG io.netty.util.internal.PlatformDependent  - -Dio.netty.bitMode: 64 (sun.arch.data.model)
348 [main] DEBUG io.netty.util.internal.PlatformDependent  - Platform: Windows
348 [main] DEBUG io.netty.util.internal.PlatformDependent  - -Dio.netty.maxDirectMemory: -1 bytes
348 [main] DEBUG io.netty.util.internal.PlatformDependent  - -Dio.netty.uninitializedArrayAllocationThreshold: -1
349 [main] DEBUG io.netty.util.internal.CleanerJava9  - java.nio.ByteBuffer.cleaner(): available
349 [main] DEBUG io.netty.util.internal.PlatformDependent  - -Dio.netty.noPreferDirect: false
356 [main] DEBUG io.netty.util.internal.PlatformDependent  - org.jctools-core.MpscChunkedArrayQueue: available
367 [main] DEBUG io.netty.util.internal.InternalThreadLocalMap  - -Dio.netty.threadLocalMap.stringBuilder.initialSize: 1024
368 [main] DEBUG io.netty.util.internal.InternalThreadLocalMap  - -Dio.netty.threadLocalMap.stringBuilder.maxSize: 4096
415 [main] DEBUG io.netty.handler.ssl.JdkSslContext  - Default protocols (JDK): [TLSv1.3, TLSv1.2] 
415 [main] DEBUG io.netty.handler.ssl.JdkSslContext  - Default cipher suites (JDK): [TLS_ECDHE_ECDSA_WITH_AES_256_GCM_SHA384, TLS_ECDHE_ECDSA_WITH_AES_128_GCM_SHA256, TLS_ECDHE_RSA_WITH_AES_128_GCM_SHA256, TLS_ECDHE_RSA_WITH_AES_256_GCM_SHA384, TLS_ECDHE_RSA_WITH_AES_128_CBC_SHA, TLS_ECDHE_RSA_WITH_AES_256_CBC_SHA, TLS_RSA_WITH_AES_128_GCM_SHA256, TLS_RSA_WITH_AES_128_CBC_SHA, TLS_RSA_WITH_AES_256_CBC_SHA, TLS_AES_128_GCM_SHA256, TLS_AES_256_GCM_SHA384]
429 [main] DEBUG io.netty.channel.MultithreadEventLoopGroup  - -Dio.netty.eventLoopThreads: 16
434 [main] DEBUG io.netty.channel.nio.NioEventLoop  - -Dio.netty.noKeySetOptimization: false
434 [main] DEBUG io.netty.channel.nio.NioEventLoop  - -Dio.netty.selectorAutoRebuildThreshold: 512
479 [main] DEBUG io.netty.buffer.PooledByteBufAllocator  - -Dio.netty.allocator.numHeapArenas: 16
480 [main] DEBUG io.netty.buffer.PooledByteBufAllocator  - -Dio.netty.allocator.numDirectArenas: 16
480 [main] DEBUG io.netty.buffer.PooledByteBufAllocator  - -Dio.netty.allocator.pageSize: 8192
480 [main] DEBUG io.netty.buffer.PooledByteBufAllocator  - -Dio.netty.allocator.maxOrder: 11
480 [main] DEBUG io.netty.buffer.PooledByteBufAllocator  - -Dio.netty.allocator.chunkSize: 16777216
480 [main] DEBUG io.netty.buffer.PooledByteBufAllocator  - -Dio.netty.allocator.smallCacheSize: 256
480 [main] DEBUG io.netty.buffer.PooledByteBufAllocator  - -Dio.netty.allocator.normalCacheSize: 64
480 [main] DEBUG io.netty.buffer.PooledByteBufAllocator  - -Dio.netty.allocator.maxCachedBufferCapacity: 32768
480 [main] DEBUG io.netty.buffer.PooledByteBufAllocator  - -Dio.netty.allocator.cacheTrimInterval: 8192
480 [main] DEBUG io.netty.buffer.PooledByteBufAllocator  - -Dio.netty.allocator.cacheTrimIntervalMillis: 0
480 [main] DEBUG io.netty.buffer.PooledByteBufAllocator  - -Dio.netty.allocator.useCacheForAllThreads: true
480 [main] DEBUG io.netty.buffer.PooledByteBufAllocator  - -Dio.netty.allocator.maxCachedByteBuffersPerChunk: 1023
487 [main] DEBUG io.netty.buffer.ByteBufUtil  - -Dio.netty.allocator.type: pooled
487 [main] DEBUG io.netty.buffer.ByteBufUtil  - -Dio.netty.threadLocalDirectBufferSize: 0
487 [main] DEBUG io.netty.buffer.ByteBufUtil  - -Dio.netty.maxThreadLocalCharBufferSize: 16384
847 [Forwarding newSession on session null to remote] DEBUG io.netty.channel.DefaultChannelId  - -Dio.netty.processId: 10532 (auto-detected)
848 [Forwarding newSession on session null to remote] DEBUG io.netty.util.NetUtil  - -Djava.net.preferIPv4Stack: false
848 [Forwarding newSession on session null to remote] DEBUG io.netty.util.NetUtil  - -Djava.net.preferIPv6Addresses: false
854 [Forwarding newSession on session null to remote] DEBUG io.netty.util.NetUtilInitializations  - Loopback interface: lo (Software Loopback Interface 1, 127.0.0.1)
855 [Forwarding newSession on session null to remote] DEBUG io.netty.util.NetUtil  - Failed to get SOMAXCONN from sysctl and file \proc\sys\net\core\somaxconn. Default: 200
875 [Forwarding newSession on session null to remote] DEBUG io.netty.channel.DefaultChannelId  - -Dio.netty.machineId: 00:ff:18:ff:fe:96:e6:e2 (auto-detected)
903 [AsyncHttpClient-1-2] DEBUG io.netty.buffer.AbstractByteBuf  - -Dio.netty.buffer.checkAccessible: true
904 [AsyncHttpClient-1-2] DEBUG io.netty.buffer.AbstractByteBuf  - -Dio.netty.buffer.checkBounds: true
904 [AsyncHttpClient-1-2] DEBUG io.netty.util.ResourceLeakDetectorFactory  - Loaded default ResourceLeakDetector: io.netty.util.ResourceLeakDetector@7336791a
920 [AsyncHttpClient-1-2] DEBUG org.asynchttpclient.netty.channel.NettyConnectListener  - Using new Channel '[id: 0x62b80067, L:/127.0.0.1:52780 - R:localhost/127.0.0.1:50775]' for 'POST' to '/session'
927 [AsyncHttpClient-1-2] DEBUG io.netty.util.Recycler  - -Dio.netty.recycler.maxCapacityPerThread: 4096
927 [AsyncHttpClient-1-2] DEBUG io.netty.util.Recycler  - -Dio.netty.recycler.maxSharedCapacityFactor: 2
927 [AsyncHttpClient-1-2] DEBUG io.netty.util.Recycler  - -Dio.netty.recycler.linkCapacity: 16
927 [AsyncHttpClient-1-2] DEBUG io.netty.util.Recycler  - -Dio.netty.recycler.ratio: 8
927 [AsyncHttpClient-1-2] DEBUG io.netty.util.Recycler  - -Dio.netty.recycler.delayedQueue.ratio: 8
1573 [AsyncHttpClient-1-2] DEBUG io.netty.handler.codec.compression.Brotli  - brotli4j not in the classpath; Brotli support will be unavailable.
1574 [AsyncHttpClient-1-2] DEBUG org.asynchttpclient.netty.handler.HttpHandler  - 

Request DefaultHttpRequest(decodeResult: success, version: HTTP/1.1)
POST /session HTTP/1.1
User-Agent: selenium/4.0.0 (java windows)
Content-Length: 365
Content-Type: application/json; charset=utf-8
host: localhost:50775
accept: */*

Response DefaultHttpResponse(decodeResult: success, version: HTTP/1.1)
HTTP/1.1 200 OK
Content-Type: application/json; charset=utf-8
cache-control: no-cache
content-length: 786

1578 [AsyncHttpClient-1-2] DEBUG org.asynchttpclient.netty.channel.ChannelManager  - Adding key: http://localhost:50775 for channel [id: 0x62b80067, L:/127.0.0.1:52780 - R:localhost/127.0.0.1:50775]
1665 [AsyncHttpClient-1-3] DEBUG org.asynchttpclient.netty.channel.NettyConnectListener  - Using new Channel '[id: 0x44b59a14, L:/127.0.0.1:52788 - R:localhost/127.0.0.1:52782]' for 'GET' to '/json/version'
1678 [AsyncHttpClient-1-3] DEBUG org.asynchttpclient.netty.handler.HttpHandler  - 

Request DefaultFullHttpRequest(decodeResult: success, version: HTTP/1.1, content: EmptyByteBufBE)
GET /json/version HTTP/1.1
User-Agent: selenium/4.0.0 (java windows)
host: localhost:52782
accept: */*

Response DefaultHttpResponse(decodeResult: success, version: HTTP/1.1)
HTTP/1.1 200 OK
Content-Type: application/json; charset=UTF-8
content-length: 424

1678 [AsyncHttpClient-1-3] DEBUG org.asynchttpclient.netty.channel.ChannelManager  - Adding key: http://localhost:52782 for channel [id: 0x44b59a14, L:/127.0.0.1:52788 - R:localhost/127.0.0.1:52782]
1684 [main] DEBUG io.netty.util.internal.ThreadLocalRandom  - -Dio.netty.initialSeedUniquifier: 0x896e2f02f82bdbda
1687 [AsyncHttpClient-1-4] DEBUG org.asynchttpclient.netty.channel.NettyConnectListener  - Using new Channel '[id: 0x07b35a76, L:/127.0.0.1:52789 - R:localhost/127.0.0.1:52782]' for 'GET' to '/devtools/browser/a192e300-4506-47a0-98f9-403e98a9f05f'
1695 [AsyncHttpClient-1-4] DEBUG org.asynchttpclient.netty.handler.WebSocketHandler  - 

Request DefaultFullHttpRequest(decodeResult: success, version: HTTP/1.1, content: EmptyByteBufBE)
GET /devtools/browser/a192e300-4506-47a0-98f9-403e98a9f05f HTTP/1.1
upgrade: websocket
connection: upgrade
sec-websocket-key: 2nv7KhO4FGgAYYTOMjd+Mw==
sec-websocket-version: 13
origin: http://localhost:52782
host: localhost:52782
accept: */*
user-agent: AHC/2.1

Response DefaultHttpResponse(decodeResult: success, version: HTTP/1.1)
HTTP/1.1 101 WebSocket Protocol Handshake
Upgrade: WebSocket
Connection: Upgrade
Sec-WebSocket-Accept: 64pelEeDAgzJpNDyeFL8K+4IzNA=

1715 [Forwarding get on session 647fdc699f54d2785cd4ad3d9e116b8a to remote] DEBUG org.asynchttpclient.netty.request.NettyRequestSender  - Using pooled Channel '[id: 0x62b80067, L:/127.0.0.1:52780 - R:localhost/127.0.0.1:50775]' for 'POST' to 'http://localhost:50775/session/647fdc699f54d2785cd4ad3d9e116b8a/url'
1716 [Forwarding get on session 647fdc699f54d2785cd4ad3d9e116b8a to remote] DEBUG org.asynchttpclient.netty.request.NettyRequestSender  - Using open Channel [id: 0x62b80067, L:/127.0.0.1:52780 - R:localhost/127.0.0.1:50775] for POST '/session/647fdc699f54d2785cd4ad3d9e116b8a/url'
2560 [AsyncHttpClient-1-1] DEBUG org.asynchttpclient.netty.channel.DefaultChannelPool  - Entry count for : http://localhost:52782 : 1
3666 [AsyncHttpClient-1-1] DEBUG org.asynchttpclient.netty.channel.DefaultChannelPool  - Entry count for : http://localhost:52782 : 1
4765 [AsyncHttpClient-1-1] DEBUG org.asynchttpclient.netty.channel.DefaultChannelPool  - Entry count for : http://localhost:52782 : 1
5865 [AsyncHttpClient-1-1] DEBUG org.asynchttpclient.netty.channel.DefaultChannelPool  - Entry count for : http://localhost:52782 : 1
6741 [AsyncHttpClient-1-2] DEBUG org.asynchttpclient.netty.handler.HttpHandler  - 

Request DefaultHttpRequest(decodeResult: success, version: HTTP/1.1)
POST /session/647fdc699f54d2785cd4ad3d9e116b8a/url HTTP/1.1
User-Agent: selenium/4.0.0 (java windows)
Content-Length: 67
Content-Type: application/json; charset=utf-8
host: localhost:50775
accept: */*

Response DefaultHttpResponse(decodeResult: success, version: HTTP/1.1)
HTTP/1.1 200 OK
Content-Type: application/json; charset=utf-8
cache-control: no-cache
content-length: 14

6743 [AsyncHttpClient-1-2] DEBUG org.asynchttpclient.netty.channel.ChannelManager  - Adding key: http://localhost:50775 for channel [id: 0x62b80067, L:/127.0.0.1:52780 - R:localhost/127.0.0.1:50775]
6749 [Forwarding deleteAllCookies on session 647fdc699f54d2785cd4ad3d9e116b8a to remote] DEBUG org.asynchttpclient.netty.request.NettyRequestSender  - Using pooled Channel '[id: 0x62b80067, L:/127.0.0.1:52780 - R:localhost/127.0.0.1:50775]' for 'DELETE' to 'http://localhost:50775/session/647fdc699f54d2785cd4ad3d9e116b8a/cookie'
6749 [Forwarding deleteAllCookies on session 647fdc699f54d2785cd4ad3d9e116b8a to remote] DEBUG org.asynchttpclient.netty.request.NettyRequestSender  - Using open Channel [id: 0x62b80067, L:/127.0.0.1:52780 - R:localhost/127.0.0.1:50775] for DELETE '/session/647fdc699f54d2785cd4ad3d9e116b8a/cookie'
6814 [AsyncHttpClient-1-2] DEBUG org.asynchttpclient.netty.handler.HttpHandler  - 

Request DefaultFullHttpRequest(decodeResult: success, version: HTTP/1.1, content: EmptyByteBufBE)
DELETE /session/647fdc699f54d2785cd4ad3d9e116b8a/cookie HTTP/1.1
User-Agent: selenium/4.0.0 (java windows)
Content-Type: application/json; charset=utf-8
host: localhost:50775
accept: */*

Response DefaultHttpResponse(decodeResult: success, version: HTTP/1.1)
HTTP/1.1 200 OK
Content-Type: application/json; charset=utf-8
cache-control: no-cache
content-length: 14

6814 [AsyncHttpClient-1-2] DEBUG org.asynchttpclient.netty.channel.ChannelManager  - Adding key: http://localhost:50775 for channel [id: 0x62b80067, L:/127.0.0.1:52780 - R:localhost/127.0.0.1:50775]
6818 [Forwarding maximizeCurrentWindow on session 647fdc699f54d2785cd4ad3d9e116b8a to remote] DEBUG org.asynchttpclient.netty.request.NettyRequestSender  - Using pooled Channel '[id: 0x62b80067, L:/127.0.0.1:52780 - R:localhost/127.0.0.1:50775]' for 'POST' to 'http://localhost:50775/session/647fdc699f54d2785cd4ad3d9e116b8a/window/maximize'
6818 [Forwarding maximizeCurrentWindow on session 647fdc699f54d2785cd4ad3d9e116b8a to remote] DEBUG org.asynchttpclient.netty.request.NettyRequestSender  - Using open Channel [id: 0x62b80067, L:/127.0.0.1:52780 - R:localhost/127.0.0.1:50775] for POST '/session/647fdc699f54d2785cd4ad3d9e116b8a/window/maximize'
6957 [AsyncHttpClient-1-2] DEBUG org.asynchttpclient.netty.handler.HttpHandler  - 

Request DefaultHttpRequest(decodeResult: success, version: HTTP/1.1)
POST /session/647fdc699f54d2785cd4ad3d9e116b8a/window/maximize HTTP/1.1
User-Agent: selenium/4.0.0 (java windows)
Content-Length: 3
Content-Type: application/json; charset=utf-8
host: localhost:50775
accept: */*

Response DefaultHttpResponse(decodeResult: success, version: HTTP/1.1)
HTTP/1.1 200 OK
Content-Type: application/json; charset=utf-8
cache-control: no-cache
content-length: 51

6957 [AsyncHttpClient-1-2] DEBUG org.asynchttpclient.netty.channel.ChannelManager  - Adding key: http://localhost:50775 for channel [id: 0x62b80067, L:/127.0.0.1:52780 - R:localhost/127.0.0.1:50775]
6960 [AsyncHttpClient-1-1] DEBUG org.asynchttpclient.netty.channel.DefaultChannelPool  - Entry count for : http://localhost:50775 : 1
6960 [AsyncHttpClient-1-1] DEBUG org.asynchttpclient.netty.channel.DefaultChannelPool  - Entry count for : http://localhost:52782 : 1
6966 [Forwarding setTimeout on session 647fdc699f54d2785cd4ad3d9e116b8a to remote] DEBUG org.asynchttpclient.netty.request.NettyRequestSender  - Using pooled Channel '[id: 0x62b80067, L:/127.0.0.1:52780 - R:localhost/127.0.0.1:50775]' for 'POST' to 'http://localhost:50775/session/647fdc699f54d2785cd4ad3d9e116b8a/timeouts'
6967 [Forwarding setTimeout on session 647fdc699f54d2785cd4ad3d9e116b8a to remote] DEBUG org.asynchttpclient.netty.request.NettyRequestSender  - Using open Channel [id: 0x62b80067, L:/127.0.0.1:52780 - R:localhost/127.0.0.1:50775] for POST '/session/647fdc699f54d2785cd4ad3d9e116b8a/timeouts'
6972 [AsyncHttpClient-1-2] DEBUG org.asynchttpclient.netty.handler.HttpHandler  - 

Request DefaultHttpRequest(decodeResult: success, version: HTTP/1.1)
POST /session/647fdc699f54d2785cd4ad3d9e116b8a/timeouts HTTP/1.1
User-Agent: selenium/4.0.0 (java windows)
Content-Length: 23
Content-Type: application/json; charset=utf-8
host: localhost:50775
accept: */*

Response DefaultHttpResponse(decodeResult: success, version: HTTP/1.1)
HTTP/1.1 200 OK
Content-Type: application/json; charset=utf-8
cache-control: no-cache
content-length: 14

6972 [AsyncHttpClient-1-2] DEBUG org.asynchttpclient.netty.channel.ChannelManager  - Adding key: http://localhost:50775 for channel [id: 0x62b80067, L:/127.0.0.1:52780 - R:localhost/127.0.0.1:50775]
6976 [Forwarding setTimeout on session 647fdc699f54d2785cd4ad3d9e116b8a to remote] DEBUG org.asynchttpclient.netty.request.NettyRequestSender  - Using pooled Channel '[id: 0x62b80067, L:/127.0.0.1:52780 - R:localhost/127.0.0.1:50775]' for 'POST' to 'http://localhost:50775/session/647fdc699f54d2785cd4ad3d9e116b8a/timeouts'
6976 [Forwarding setTimeout on session 647fdc699f54d2785cd4ad3d9e116b8a to remote] DEBUG org.asynchttpclient.netty.request.NettyRequestSender  - Using open Channel [id: 0x62b80067, L:/127.0.0.1:52780 - R:localhost/127.0.0.1:50775] for POST '/session/647fdc699f54d2785cd4ad3d9e116b8a/timeouts'
6979 [AsyncHttpClient-1-2] DEBUG org.asynchttpclient.netty.handler.HttpHandler  - 

Request DefaultHttpRequest(decodeResult: success, version: HTTP/1.1)
POST /session/647fdc699f54d2785cd4ad3d9e116b8a/timeouts HTTP/1.1
User-Agent: selenium/4.0.0 (java windows)
Content-Length: 23
Content-Type: application/json; charset=utf-8
host: localhost:50775
accept: */*

Response DefaultHttpResponse(decodeResult: success, version: HTTP/1.1)
HTTP/1.1 200 OK
Content-Type: application/json; charset=utf-8
cache-control: no-cache
content-length: 14

6979 [AsyncHttpClient-1-2] DEBUG org.asynchttpclient.netty.channel.ChannelManager  - Adding key: http://localhost:50775 for channel [id: 0x62b80067, L:/127.0.0.1:52780 - R:localhost/127.0.0.1:50775]
6981 [main] DEBUG com.toppros.base.TestBase  - exiting openBrowser()
7026 [main] DEBUG com.toppros.pages.Homepage  - entering teacher start here 
7029 [Forwarding findElement on session 647fdc699f54d2785cd4ad3d9e116b8a to remote] DEBUG org.asynchttpclient.netty.request.NettyRequestSender  - Using pooled Channel '[id: 0x62b80067, L:/127.0.0.1:52780 - R:localhost/127.0.0.1:50775]' for 'POST' to 'http://localhost:50775/session/647fdc699f54d2785cd4ad3d9e116b8a/element'
7030 [Forwarding findElement on session 647fdc699f54d2785cd4ad3d9e116b8a to remote] DEBUG org.asynchttpclient.netty.request.NettyRequestSender  - Using open Channel [id: 0x62b80067, L:/127.0.0.1:52780 - R:localhost/127.0.0.1:50775] for POST '/session/647fdc699f54d2785cd4ad3d9e116b8a/element'
7036 [AsyncHttpClient-1-2] DEBUG org.asynchttpclient.netty.handler.HttpHandler  - 

Request DefaultHttpRequest(decodeResult: success, version: HTTP/1.1)
POST /session/647fdc699f54d2785cd4ad3d9e116b8a/element HTTP/1.1
User-Agent: selenium/4.0.0 (java windows)
Content-Length: 72
Content-Type: application/json; charset=utf-8
host: localhost:50775
accept: */*

Response DefaultHttpResponse(decodeResult: success, version: HTTP/1.1)
HTTP/1.1 400 Bad Request
Content-Type: application/json; charset=utf-8
cache-control: no-cache
content-length: 959

7036 [AsyncHttpClient-1-2] DEBUG org.asynchttpclient.netty.channel.ChannelManager  - Adding key: http://localhost:50775 for channel [id: 0x62b80067, L:/127.0.0.1:52780 - R:localhost/127.0.0.1:50775]
7062 [Forwarding findElement on session 647fdc699f54d2785cd4ad3d9e116b8a to remote] DEBUG org.asynchttpclient.netty.request.NettyRequestSender  - Using pooled Channel '[id: 0x62b80067, L:/127.0.0.1:52780 - R:localhost/127.0.0.1:50775]' for 'POST' to 'http://localhost:50775/session/647fdc699f54d2785cd4ad3d9e116b8a/element'
7062 [Forwarding findElement on session 647fdc699f54d2785cd4ad3d9e116b8a to remote] DEBUG org.asynchttpclient.netty.request.NettyRequestSender  - Using open Channel [id: 0x62b80067, L:/127.0.0.1:52780 - R:localhost/127.0.0.1:50775] for POST '/session/647fdc699f54d2785cd4ad3d9e116b8a/element'
7081 [AsyncHttpClient-1-2] DEBUG org.asynchttpclient.netty.handler.HttpHandler  - 

Request DefaultHttpRequest(decodeResult: success, version: HTTP/1.1)
POST /session/647fdc699f54d2785cd4ad3d9e116b8a/element HTTP/1.1
User-Agent: selenium/4.0.0 (java windows)
Content-Length: 86
Content-Type: application/json; charset=utf-8
host: localhost:50775
accept: */*

Response DefaultHttpResponse(decodeResult: success, version: HTTP/1.1)
HTTP/1.1 200 OK
Content-Type: application/json; charset=utf-8
cache-control: no-cache
content-length: 88

7081 [AsyncHttpClient-1-2] DEBUG org.asynchttpclient.netty.channel.ChannelManager  - Adding key: http://localhost:50775 for channel [id: 0x62b80067, L:/127.0.0.1:52780 - R:localhost/127.0.0.1:50775]
7087 [Forwarding clickElement on session 647fdc699f54d2785cd4ad3d9e116b8a to remote] DEBUG org.asynchttpclient.netty.request.NettyRequestSender  - Using pooled Channel '[id: 0x62b80067, L:/127.0.0.1:52780 - R:localhost/127.0.0.1:50775]' for 'POST' to 'http://localhost:50775/session/647fdc699f54d2785cd4ad3d9e116b8a/element/75cf8696-e76b-44e8-94ea-8cb038ab0d55/click'
7087 [Forwarding clickElement on session 647fdc699f54d2785cd4ad3d9e116b8a to remote] DEBUG org.asynchttpclient.netty.request.NettyRequestSender  - Using open Channel [id: 0x62b80067, L:/127.0.0.1:52780 - R:localhost/127.0.0.1:50775] for POST '/session/647fdc699f54d2785cd4ad3d9e116b8a/element/75cf8696-e76b-44e8-94ea-8cb038ab0d55/click'
7177 [AsyncHttpClient-1-2] DEBUG org.asynchttpclient.netty.handler.HttpHandler  - 

Request DefaultHttpRequest(decodeResult: success, version: HTTP/1.1)
POST /session/647fdc699f54d2785cd4ad3d9e116b8a/element/75cf8696-e76b-44e8-94ea-8cb038ab0d55/click HTTP/1.1
User-Agent: selenium/4.0.0 (java windows)
Content-Length: 50
Content-Type: application/json; charset=utf-8
host: localhost:50775
accept: */*

Response DefaultHttpResponse(decodeResult: success, version: HTTP/1.1)
HTTP/1.1 200 OK
Content-Type: application/json; charset=utf-8
cache-control: no-cache
content-length: 14

7177 [AsyncHttpClient-1-2] DEBUG org.asynchttpclient.netty.channel.ChannelManager  - Adding key: http://localhost:50775 for channel [id: 0x62b80067, L:/127.0.0.1:52780 - R:localhost/127.0.0.1:50775]
7178 [main] DEBUG com.toppros.pages.Homepage  - exiting teacher start here()
7188 [main] DEBUG com.toppros.pages.Homepage  - entering Login 
7192 [Forwarding findElement on session 647fdc699f54d2785cd4ad3d9e116b8a to remote] DEBUG org.asynchttpclient.netty.request.NettyRequestSender  - Using pooled Channel '[id: 0x62b80067, L:/127.0.0.1:52780 - R:localhost/127.0.0.1:50775]' for 'POST' to 'http://localhost:50775/session/647fdc699f54d2785cd4ad3d9e116b8a/element'
7192 [Forwarding findElement on session 647fdc699f54d2785cd4ad3d9e116b8a to remote] DEBUG org.asynchttpclient.netty.request.NettyRequestSender  - Using open Channel [id: 0x62b80067, L:/127.0.0.1:52780 - R:localhost/127.0.0.1:50775] for POST '/session/647fdc699f54d2785cd4ad3d9e116b8a/element'
7204 [AsyncHttpClient-1-2] DEBUG org.asynchttpclient.netty.handler.HttpHandler  - 

Request DefaultHttpRequest(decodeResult: success, version: HTTP/1.1)
POST /session/647fdc699f54d2785cd4ad3d9e116b8a/element HTTP/1.1
User-Agent: selenium/4.0.0 (java windows)
Content-Length: 57
Content-Type: application/json; charset=utf-8
host: localhost:50775
accept: */*

Response DefaultHttpResponse(decodeResult: success, version: HTTP/1.1)
HTTP/1.1 200 OK
Content-Type: application/json; charset=utf-8
cache-control: no-cache
content-length: 88

7204 [AsyncHttpClient-1-2] DEBUG org.asynchttpclient.netty.channel.ChannelManager  - Adding key: http://localhost:50775 for channel [id: 0x62b80067, L:/127.0.0.1:52780 - R:localhost/127.0.0.1:50775]
7215 [Forwarding sendKeysToElement on session 647fdc699f54d2785cd4ad3d9e116b8a to remote] DEBUG org.asynchttpclient.netty.request.NettyRequestSender  - Using pooled Channel '[id: 0x62b80067, L:/127.0.0.1:52780 - R:localhost/127.0.0.1:50775]' for 'POST' to 'http://localhost:50775/session/647fdc699f54d2785cd4ad3d9e116b8a/element/eaf1cdec-d7cc-488c-8573-8d5f9ac80989/value'
7215 [Forwarding sendKeysToElement on session 647fdc699f54d2785cd4ad3d9e116b8a to remote] DEBUG org.asynchttpclient.netty.request.NettyRequestSender  - Using open Channel [id: 0x62b80067, L:/127.0.0.1:52780 - R:localhost/127.0.0.1:50775] for POST '/session/647fdc699f54d2785cd4ad3d9e116b8a/element/eaf1cdec-d7cc-488c-8573-8d5f9ac80989/value'
7307 [AsyncHttpClient-1-2] DEBUG org.asynchttpclient.netty.handler.HttpHandler  - 

Request DefaultHttpRequest(decodeResult: success, version: HTTP/1.1)
POST /session/647fdc699f54d2785cd4ad3d9e116b8a/element/eaf1cdec-d7cc-488c-8573-8d5f9ac80989/value HTTP/1.1
User-Agent: selenium/4.0.0 (java windows)
Content-Length: 205
Content-Type: application/json; charset=utf-8
host: localhost:50775
accept: */*

Response DefaultHttpResponse(decodeResult: success, version: HTTP/1.1)
HTTP/1.1 200 OK
Content-Type: application/json; charset=utf-8
cache-control: no-cache
content-length: 14

7308 [AsyncHttpClient-1-2] DEBUG org.asynchttpclient.netty.channel.ChannelManager  - Adding key: http://localhost:50775 for channel [id: 0x62b80067, L:/127.0.0.1:52780 - R:localhost/127.0.0.1:50775]
7311 [Forwarding findElement on session 647fdc699f54d2785cd4ad3d9e116b8a to remote] DEBUG org.asynchttpclient.netty.request.NettyRequestSender  - Using pooled Channel '[id: 0x62b80067, L:/127.0.0.1:52780 - R:localhost/127.0.0.1:50775]' for 'POST' to 'http://localhost:50775/session/647fdc699f54d2785cd4ad3d9e116b8a/element'
7311 [Forwarding findElement on session 647fdc699f54d2785cd4ad3d9e116b8a to remote] DEBUG org.asynchttpclient.netty.request.NettyRequestSender  - Using open Channel [id: 0x62b80067, L:/127.0.0.1:52780 - R:localhost/127.0.0.1:50775] for POST '/session/647fdc699f54d2785cd4ad3d9e116b8a/element'
7334 [AsyncHttpClient-1-2] DEBUG org.asynchttpclient.netty.handler.HttpHandler  - 

Request DefaultHttpRequest(decodeResult: success, version: HTTP/1.1)
POST /session/647fdc699f54d2785cd4ad3d9e116b8a/element HTTP/1.1
User-Agent: selenium/4.0.0 (java windows)
Content-Length: 150
Content-Type: application/json; charset=utf-8
host: localhost:50775
accept: */*

Response DefaultHttpResponse(decodeResult: success, version: HTTP/1.1)
HTTP/1.1 200 OK
Content-Type: application/json; charset=utf-8
cache-control: no-cache
content-length: 88

7335 [AsyncHttpClient-1-2] DEBUG org.asynchttpclient.netty.channel.ChannelManager  - Adding key: http://localhost:50775 for channel [id: 0x62b80067, L:/127.0.0.1:52780 - R:localhost/127.0.0.1:50775]
7337 [Forwarding clickElement on session 647fdc699f54d2785cd4ad3d9e116b8a to remote] DEBUG org.asynchttpclient.netty.request.NettyRequestSender  - Using pooled Channel '[id: 0x62b80067, L:/127.0.0.1:52780 - R:localhost/127.0.0.1:50775]' for 'POST' to 'http://localhost:50775/session/647fdc699f54d2785cd4ad3d9e116b8a/element/f987b8f6-4b7c-4637-b9ee-6dbed9bffdf7/click'
7337 [Forwarding clickElement on session 647fdc699f54d2785cd4ad3d9e116b8a to remote] DEBUG org.asynchttpclient.netty.request.NettyRequestSender  - Using open Channel [id: 0x62b80067, L:/127.0.0.1:52780 - R:localhost/127.0.0.1:50775] for POST '/session/647fdc699f54d2785cd4ad3d9e116b8a/element/f987b8f6-4b7c-4637-b9ee-6dbed9bffdf7/click'
7381 [AsyncHttpClient-1-2] DEBUG org.asynchttpclient.netty.handler.HttpHandler  - 

Request DefaultHttpRequest(decodeResult: success, version: HTTP/1.1)
POST /session/647fdc699f54d2785cd4ad3d9e116b8a/element/f987b8f6-4b7c-4637-b9ee-6dbed9bffdf7/click HTTP/1.1
User-Agent: selenium/4.0.0 (java windows)
Content-Length: 50
Content-Type: application/json; charset=utf-8
host: localhost:50775
accept: */*

Response DefaultHttpResponse(decodeResult: success, version: HTTP/1.1)
HTTP/1.1 200 OK
Content-Type: application/json; charset=utf-8
cache-control: no-cache
content-length: 14

7382 [AsyncHttpClient-1-2] DEBUG org.asynchttpclient.netty.channel.ChannelManager  - Adding key: http://localhost:50775 for channel [id: 0x62b80067, L:/127.0.0.1:52780 - R:localhost/127.0.0.1:50775]
7384 [main] DEBUG com.toppros.pages.Homepage  - exiting Login()
7386 [Forwarding findElement on session 647fdc699f54d2785cd4ad3d9e116b8a to remote] DEBUG org.asynchttpclient.netty.request.NettyRequestSender  - Using pooled Channel '[id: 0x62b80067, L:/127.0.0.1:52780 - R:localhost/127.0.0.1:50775]' for 'POST' to 'http://localhost:50775/session/647fdc699f54d2785cd4ad3d9e116b8a/element'
7386 [Forwarding findElement on session 647fdc699f54d2785cd4ad3d9e116b8a to remote] DEBUG org.asynchttpclient.netty.request.NettyRequestSender  - Using open Channel [id: 0x62b80067, L:/127.0.0.1:52780 - R:localhost/127.0.0.1:50775] for POST '/session/647fdc699f54d2785cd4ad3d9e116b8a/element'
7570 [AsyncHttpClient-1-2] DEBUG org.asynchttpclient.netty.handler.HttpHandler  - 

Request DefaultHttpRequest(decodeResult: success, version: HTTP/1.1)
POST /session/647fdc699f54d2785cd4ad3d9e116b8a/element HTTP/1.1
User-Agent: selenium/4.0.0 (java windows)
Content-Length: 185
Content-Type: application/json; charset=utf-8
host: localhost:50775
accept: */*

Response DefaultHttpResponse(decodeResult: success, version: HTTP/1.1)
HTTP/1.1 200 OK
Content-Type: application/json; charset=utf-8
cache-control: no-cache
content-length: 88

7570 [AsyncHttpClient-1-2] DEBUG org.asynchttpclient.netty.channel.ChannelManager  - Adding key: http://localhost:50775 for channel [id: 0x62b80067, L:/127.0.0.1:52780 - R:localhost/127.0.0.1:50775]
7573 [Forwarding sendKeysToElement on session 647fdc699f54d2785cd4ad3d9e116b8a to remote] DEBUG org.asynchttpclient.netty.request.NettyRequestSender  - Using pooled Channel '[id: 0x62b80067, L:/127.0.0.1:52780 - R:localhost/127.0.0.1:50775]' for 'POST' to 'http://localhost:50775/session/647fdc699f54d2785cd4ad3d9e116b8a/element/743716ba-4ac0-4164-9c03-102d743966b9/value'
7573 [Forwarding sendKeysToElement on session 647fdc699f54d2785cd4ad3d9e116b8a to remote] DEBUG org.asynchttpclient.netty.request.NettyRequestSender  - Using open Channel [id: 0x62b80067, L:/127.0.0.1:52780 - R:localhost/127.0.0.1:50775] for POST '/session/647fdc699f54d2785cd4ad3d9e116b8a/element/743716ba-4ac0-4164-9c03-102d743966b9/value'
7654 [AsyncHttpClient-1-2] DEBUG org.asynchttpclient.netty.handler.HttpHandler  - 

Request DefaultHttpRequest(decodeResult: success, version: HTTP/1.1)
POST /session/647fdc699f54d2785cd4ad3d9e116b8a/element/743716ba-4ac0-4164-9c03-102d743966b9/value HTTP/1.1
User-Agent: selenium/4.0.0 (java windows)
Content-Length: 225
Content-Type: application/json; charset=utf-8
host: localhost:50775
accept: */*

Response DefaultHttpResponse(decodeResult: success, version: HTTP/1.1)
HTTP/1.1 200 OK
Content-Type: application/json; charset=utf-8
cache-control: no-cache
content-length: 14

7654 [AsyncHttpClient-1-2] DEBUG org.asynchttpclient.netty.channel.ChannelManager  - Adding key: http://localhost:50775 for channel [id: 0x62b80067, L:/127.0.0.1:52780 - R:localhost/127.0.0.1:50775]
7658 [Forwarding findElement on session 647fdc699f54d2785cd4ad3d9e116b8a to remote] DEBUG org.asynchttpclient.netty.request.NettyRequestSender  - Using pooled Channel '[id: 0x62b80067, L:/127.0.0.1:52780 - R:localhost/127.0.0.1:50775]' for 'POST' to 'http://localhost:50775/session/647fdc699f54d2785cd4ad3d9e116b8a/element'
7658 [Forwarding findElement on session 647fdc699f54d2785cd4ad3d9e116b8a to remote] DEBUG org.asynchttpclient.netty.request.NettyRequestSender  - Using open Channel [id: 0x62b80067, L:/127.0.0.1:52780 - R:localhost/127.0.0.1:50775] for POST '/session/647fdc699f54d2785cd4ad3d9e116b8a/element'
8066 [AsyncHttpClient-1-1] DEBUG org.asynchttpclient.netty.channel.DefaultChannelPool  - Entry count for : http://localhost:52782 : 1
9160 [AsyncHttpClient-1-1] DEBUG org.asynchttpclient.netty.channel.DefaultChannelPool  - Entry count for : http://localhost:52782 : 1
10260 [AsyncHttpClient-1-1] DEBUG org.asynchttpclient.netty.channel.DefaultChannelPool  - Entry count for : http://localhost:52782 : 1
11364 [AsyncHttpClient-1-1] DEBUG org.asynchttpclient.netty.channel.DefaultChannelPool  - Entry count for : http://localhost:52782 : 1
12466 [AsyncHttpClient-1-1] DEBUG org.asynchttpclient.netty.channel.DefaultChannelPool  - Entry count for : http://localhost:52782 : 1
13567 [AsyncHttpClient-1-1] DEBUG org.asynchttpclient.netty.channel.DefaultChannelPool  - Entry count for : http://localhost:52782 : 1
14663 [AsyncHttpClient-1-1] DEBUG org.asynchttpclient.netty.channel.DefaultChannelPool  - Entry count for : http://localhost:52782 : 1
15760 [AsyncHttpClient-1-1] DEBUG org.asynchttpclient.netty.channel.DefaultChannelPool  - Entry count for : http://localhost:52782 : 1
16861 [AsyncHttpClient-1-1] DEBUG org.asynchttpclient.netty.channel.DefaultChannelPool  - Entry count for : http://localhost:52782 : 1
17961 [AsyncHttpClient-1-1] DEBUG org.asynchttpclient.netty.channel.DefaultChannelPool  - Entry count for : http://localhost:52782 : 1
19060 [AsyncHttpClient-1-1] DEBUG org.asynchttpclient.netty.channel.DefaultChannelPool  - Entry count for : http://localhost:52782 : 1
20162 [AsyncHttpClient-1-1] DEBUG org.asynchttpclient.netty.channel.DefaultChannelPool  - Entry count for : http://localhost:52782 : 1
21260 [AsyncHttpClient-1-1] DEBUG org.asynchttpclient.netty.channel.DefaultChannelPool  - Entry count for : http://localhost:52782 : 1
22360 [AsyncHttpClient-1-1] DEBUG org.asynchttpclient.netty.channel.DefaultChannelPool  - Entry count for : http://localhost:52782 : 1
23462 [AsyncHttpClient-1-1] DEBUG org.asynchttpclient.netty.channel.DefaultChannelPool  - Entry count for : http://localhost:52782 : 1
24561 [AsyncHttpClient-1-1] DEBUG org.asynchttpclient.netty.channel.DefaultChannelPool  - Entry count for : http://localhost:52782 : 1
25661 [AsyncHttpClient-1-1] DEBUG org.asynchttpclient.netty.channel.DefaultChannelPool  - Entry count for : http://localhost:52782 : 1
26767 [AsyncHttpClient-1-1] DEBUG org.asynchttpclient.netty.channel.DefaultChannelPool  - Entry count for : http://localhost:52782 : 1
27863 [AsyncHttpClient-1-1] DEBUG org.asynchttpclient.netty.channel.DefaultChannelPool  - Entry count for : http://localhost:52782 : 1
28960 [AsyncHttpClient-1-1] DEBUG org.asynchttpclient.netty.channel.DefaultChannelPool  - Entry count for : http://localhost:52782 : 1
30060 [AsyncHttpClient-1-1] DEBUG org.asynchttpclient.netty.channel.DefaultChannelPool  - Entry count for : http://localhost:52782 : 1
31160 [AsyncHttpClient-1-1] DEBUG org.asynchttpclient.netty.channel.DefaultChannelPool  - Entry count for : http://localhost:52782 : 1
32259 [AsyncHttpClient-1-1] DEBUG org.asynchttpclient.netty.channel.DefaultChannelPool  - Entry count for : http://localhost:52782 : 1
33362 [AsyncHttpClient-1-1] DEBUG org.asynchttpclient.netty.channel.DefaultChannelPool  - Entry count for : http://localhost:52782 : 1
34460 [AsyncHttpClient-1-1] DEBUG org.asynchttpclient.netty.channel.DefaultChannelPool  - Entry count for : http://localhost:52782 : 1
35560 [AsyncHttpClient-1-1] DEBUG org.asynchttpclient.netty.channel.DefaultChannelPool  - Entry count for : http://localhost:52782 : 1
36666 [AsyncHttpClient-1-1] DEBUG org.asynchttpclient.netty.channel.DefaultChannelPool  - Entry count for : http://localhost:52782 : 1
37760 [AsyncHttpClient-1-1] DEBUG org.asynchttpclient.netty.channel.DefaultChannelPool  - Entry count for : http://localhost:52782 : 1
38866 [AsyncHttpClient-1-1] DEBUG org.asynchttpclient.netty.channel.DefaultChannelPool  - Entry count for : http://localhost:52782 : 1
39959 [AsyncHttpClient-1-1] DEBUG org.asynchttpclient.netty.channel.DefaultChannelPool  - Entry count for : http://localhost:52782 : 1
41060 [AsyncHttpClient-1-1] DEBUG org.asynchttpclient.netty.channel.DefaultChannelPool  - Entry count for : http://localhost:52782 : 1
42168 [AsyncHttpClient-1-1] DEBUG org.asynchttpclient.netty.channel.DefaultChannelPool  - Entry count for : http://localhost:52782 : 1
43261 [AsyncHttpClient-1-1] DEBUG org.asynchttpclient.netty.channel.DefaultChannelPool  - Entry count for : http://localhost:52782 : 1
44361 [AsyncHttpClient-1-1] DEBUG org.asynchttpclient.netty.channel.DefaultChannelPool  - Entry count for : http://localhost:52782 : 1
45460 [AsyncHttpClient-1-1] DEBUG org.asynchttpclient.netty.channel.DefaultChannelPool  - Entry count for : http://localhost:52782 : 1
46560 [AsyncHttpClient-1-1] DEBUG org.asynchttpclient.netty.channel.DefaultChannelPool  - Entry count for : http://localhost:52782 : 1
47668 [AsyncHttpClient-1-1] DEBUG org.asynchttpclient.netty.channel.DefaultChannelPool  - Entry count for : http://localhost:52782 : 1
47677 [AsyncHttpClient-1-2] DEBUG org.asynchttpclient.netty.handler.HttpHandler  - 

Request DefaultHttpRequest(decodeResult: success, version: HTTP/1.1)
POST /session/647fdc699f54d2785cd4ad3d9e116b8a/element HTTP/1.1
User-Agent: selenium/4.0.0 (java windows)
Content-Length: 150
Content-Type: application/json; charset=utf-8
host: localhost:50775
accept: */*

Response DefaultHttpResponse(decodeResult: success, version: HTTP/1.1)
HTTP/1.1 404 Not Found
Content-Type: application/json; charset=utf-8
cache-control: no-cache
content-length: 1076

47678 [AsyncHttpClient-1-2] DEBUG org.asynchttpclient.netty.channel.ChannelManager  - Adding key: http://localhost:50775 for channel [id: 0x62b80067, L:/127.0.0.1:52780 - R:localhost/127.0.0.1:50775]
]]></system-out>
    <system-err><![CDATA[log4j:WARN No appenders could be found for logger (com.toppros.base.TestBase).
log4j:WARN Please initialize the log4j system properly.
log4j:WARN See http://logging.apache.org/log4j/1.2/faq.html#noconfig for more info.
Starting ChromeDriver 96.0.4664.45 (76e4c1bb2ab4671b8beba3444e61c0f17584b2fc-refs/branch-heads/4664@{#947}) on port 50775
Only local connections are allowed.
Please see https://chromedriver.chromium.org/security-considerations for suggestions on keeping ChromeDriver safe.
ChromeDriver was started successfully.
Dec 03, 2021 2:29:31 PM org.openqa.selenium.remote.ProtocolHandshake createSession
INFO: Detected dialect: W3C
Dec 03, 2021 2:29:31 PM org.openqa.selenium.devtools.CdpVersionFinder findNearestMatch
WARNING: Unable to find an exact match for CDP version 96, so returning the closest version found: 95
Dec 03, 2021 2:29:31 PM org.openqa.selenium.devtools.CdpVersionFinder findNearestMatch
INFO: Found CDP implementation for version 96 of 95
]]></system-err>
  </testcase>
</testsuite>