<?xml version="1.0" encoding="UTF-8"?>
<testng-results ignored="0" total="1" passed="1" failed="0" skipped="0">
  <reporter-output>
  </reporter-output>
  <suite started-at="2021-12-08T15:55:48 IST" name="SchoolOS" finished-at="2021-12-08T15:56:20 IST" duration-ms="32805">
    <groups>
    </groups>
    <test started-at="2021-12-08T15:55:48 IST" name="SchoolOS" finished-at="2021-12-08T15:56:20 IST" duration-ms="32805">
      <class name="com.toppr.tests.Assignment">
        <test-method is-config="true" signature="openBrowser(java.lang.String,java.lang.String)[pri:0, instance:com.toppr.tests.Assignment@1a6d8329]" started-at="2021-12-08T15:55:48 IST" name="openBrowser" finished-at="2021-12-08T15:56:09 IST" duration-ms="21619" status="PASS">
          <params>
            <param index="0">
              <value>
                <![CDATA[chrome]]>
              </value>
            </param>
            <param index="1">
              <value>
                <![CDATA[https://explore-staging.toppr.school/]]>
              </value>
            </param>
          </params>
          <reporter-output>
          </reporter-output>
        </test-method> <!-- openBrowser -->
        <test-method signature="Login()[pri:0, instance:com.toppr.tests.Assignment@1a6d8329]" started-at="2021-12-08T15:56:09 IST" name="Login" finished-at="2021-12-08T15:56:20 IST" duration-ms="10983" status="PASS">
          <reporter-output>
          </reporter-output>
        </test-method> <!-- Login -->
        <test-method is-config="true" signature="closedriver()[pri:0, instance:com.toppr.tests.Assignment@1a6d8329]" started-at="2021-12-08T15:56:20 IST" name="closedriver" finished-at="2021-12-08T15:56:20 IST" duration-ms="169" status="PASS">
          <reporter-output>
          </reporter-output>
        </test-method> <!-- closedriver -->
      </class> <!-- com.toppr.tests.Assignment -->
    </test> <!-- SchoolOS -->
  </suite> <!-- SchoolOS -->
</testng-results>
